{"D:\\Degree\\Final Project\\Application\\What-Car\\App.js": {"path":"D:\\Degree\\Final Project\\Application\\What-Car\\App.js","statementMap":{"0":{"start":{"line":14,"column":34},"end":{"line":14,"column":49}},"1":{"start":{"line":15,"column":52},"end":{"line":15,"column":64}},"2":{"start":{"line":17,"column":32},"end":{"line":30,"column":3}},"3":{"start":{"line":18,"column":4},"end":{"line":29,"column":5}},"4":{"start":{"line":19,"column":27},"end":{"line":19,"column":66}},"5":{"start":{"line":20,"column":8},"end":{"line":25,"column":9}},"6":{"start":{"line":21,"column":10},"end":{"line":21,"column":54}},"7":{"start":{"line":24,"column":10},"end":{"line":24,"column":36}},"8":{"start":{"line":28,"column":6},"end":{"line":28,"column":20}},"9":{"start":{"line":32,"column":2},"end":{"line":40,"column":3}},"10":{"start":{"line":33,"column":5},"end":{"line":39,"column":6}},"11":{"start":{"line":36,"column":24},"end":{"line":36,"column":41}},"12":{"start":{"line":42,"column":2},"end":{"line":48,"column":4}},"13":{"start":{"line":51,"column":15},"end":{"line":58,"column":2}}},"fnMap":{"0":{"name":"App","decl":{"start":{"line":13,"column":24},"end":{"line":13,"column":27}},"loc":{"start":{"line":13,"column":30},"end":{"line":49,"column":1}},"line":13},"1":{"name":"(anonymous_1)","decl":{"start":{"line":17,"column":32},"end":{"line":17,"column":33}},"loc":{"start":{"line":17,"column":43},"end":{"line":30,"column":3}},"line":17},"2":{"name":"(anonymous_2)","decl":{"start":{"line":36,"column":17},"end":{"line":36,"column":18}},"loc":{"start":{"line":36,"column":23},"end":{"line":36,"column":42}},"line":36}},"branchMap":{"0":{"loc":{"start":{"line":20,"column":8},"end":{"line":25,"column":9}},"type":"if","locations":[{"start":{"line":20,"column":8},"end":{"line":25,"column":9}},{"start":{"line":20,"column":8},"end":{"line":25,"column":9}}],"line":20},"1":{"loc":{"start":{"line":32,"column":2},"end":{"line":40,"column":3}},"type":"if","locations":[{"start":{"line":32,"column":2},"end":{"line":40,"column":3}},{"start":{"line":32,"column":2},"end":{"line":40,"column":3}}],"line":32}},"s":{"0":4,"1":3,"2":3,"3":1,"4":1,"5":1,"6":0,"7":1,"8":0,"9":3,"10":2,"11":1,"12":1,"13":1},"f":{"0":4,"1":1,"2":1},"b":{"0":[0,1],"1":[2,1]},"_coverageSchema":"1a1c01bbd47fc00a2c39e90264f33305004495a9","hash":"8dd5ee57b101ef9097e68baddd172838c6b592f2"}
,"D:\\Degree\\Final Project\\Application\\What-Car\\Components\\CredintialContext.js": {"path":"D:\\Degree\\Final Project\\Application\\What-Car\\Components\\CredintialContext.js","statementMap":{"0":{"start":{"line":3,"column":34},"end":{"line":3,"column":55}}},"fnMap":{},"branchMap":{},"s":{"0":1},"f":{},"b":{},"_coverageSchema":"1a1c01bbd47fc00a2c39e90264f33305004495a9","hash":"68418afa904def8181761e1d2400ea118a4f15fd"}
,"D:\\Degree\\Final Project\\Application\\What-Car\\Components\\KeyboardViewWrapper.js": {"path":"D:\\Degree\\Final Project\\Application\\What-Car\\Components\\KeyboardViewWrapper.js","statementMap":{"0":{"start":{"line":5,"column":30},"end":{"line":17,"column":2}},"1":{"start":{"line":7,"column":4},"end":{"line":16,"column":5}}},"fnMap":{"0":{"name":"(anonymous_0)","decl":{"start":{"line":5,"column":30},"end":{"line":5,"column":31}},"loc":{"start":{"line":5,"column":46},"end":{"line":17,"column":2}},"line":5}},"branchMap":{},"s":{"0":0,"1":0},"f":{"0":0},"b":{}}
,"D:\\Degree\\Final Project\\Application\\What-Car\\Routes\\AuthStack.js": {"path":"D:\\Degree\\Final Project\\Application\\What-Car\\Routes\\AuthStack.js","statementMap":{"0":{"start":{"line":6,"column":14},"end":{"line":6,"column":36}},"1":{"start":{"line":10,"column":4},"end":{"line":15,"column":5}}},"fnMap":{"0":{"name":"AuthStack","decl":{"start":{"line":8,"column":24},"end":{"line":8,"column":33}},"loc":{"start":{"line":8,"column":35},"end":{"line":17,"column":1}},"line":8}},"branchMap":{},"s":{"0":1,"1":3},"f":{"0":3},"b":{},"_coverageSchema":"1a1c01bbd47fc00a2c39e90264f33305004495a9","hash":"70d5c7db9bc8ff1c12564a6ed616c9a4f5dbd474"}
,"D:\\Degree\\Final Project\\Application\\What-Car\\Routes\\BottomTab.js": {"path":"D:\\Degree\\Final Project\\Application\\What-Car\\Routes\\BottomTab.js","statementMap":{"0":{"start":{"line":15,"column":12},"end":{"line":15,"column":38}},"1":{"start":{"line":19,"column":4},"end":{"line":74,"column":5}},"2":{"start":{"line":28,"column":16},"end":{"line":28,"column":129}},"3":{"start":{"line":40,"column":18},"end":{"line":40,"column":126}},"4":{"start":{"line":52,"column":18},"end":{"line":52,"column":120}},"5":{"start":{"line":65,"column":16},"end":{"line":65,"column":154}}},"fnMap":{"0":{"name":"BottomTab","decl":{"start":{"line":17,"column":24},"end":{"line":17,"column":33}},"loc":{"start":{"line":17,"column":35},"end":{"line":75,"column":1}},"line":17},"1":{"name":"(anonymous_1)","decl":{"start":{"line":27,"column":26},"end":{"line":27,"column":27}},"loc":{"start":{"line":28,"column":16},"end":{"line":28,"column":129}},"line":28},"2":{"name":"(anonymous_2)","decl":{"start":{"line":39,"column":28},"end":{"line":39,"column":29}},"loc":{"start":{"line":40,"column":18},"end":{"line":40,"column":126}},"line":40},"3":{"name":"(anonymous_3)","decl":{"start":{"line":51,"column":28},"end":{"line":51,"column":29}},"loc":{"start":{"line":52,"column":18},"end":{"line":52,"column":120}},"line":52},"4":{"name":"(anonymous_4)","decl":{"start":{"line":64,"column":26},"end":{"line":64,"column":27}},"loc":{"start":{"line":65,"column":16},"end":{"line":65,"column":154}},"line":65}},"branchMap":{"0":{"loc":{"start":{"line":28,"column":16},"end":{"line":28,"column":129}},"type":"cond-expr","locations":[{"start":{"line":28,"column":25},"end":{"line":28,"column":71}},{"start":{"line":28,"column":74},"end":{"line":28,"column":129}}],"line":28},"1":{"loc":{"start":{"line":40,"column":18},"end":{"line":40,"column":126}},"type":"cond-expr","locations":[{"start":{"line":40,"column":27},"end":{"line":40,"column":75}},{"start":{"line":40,"column":77},"end":{"line":40,"column":126}}],"line":40},"2":{"loc":{"start":{"line":52,"column":18},"end":{"line":52,"column":120}},"type":"cond-expr","locations":[{"start":{"line":52,"column":27},"end":{"line":52,"column":72}},{"start":{"line":52,"column":74},"end":{"line":52,"column":120}}],"line":52},"3":{"loc":{"start":{"line":65,"column":16},"end":{"line":65,"column":154}},"type":"cond-expr","locations":[{"start":{"line":65,"column":25},"end":{"line":65,"column":88}},{"start":{"line":65,"column":90},"end":{"line":65,"column":154}}],"line":65}},"s":{"0":1,"1":2,"2":0,"3":0,"4":0,"5":0},"f":{"0":2,"1":0,"2":0,"3":0,"4":0},"b":{"0":[0,0],"1":[0,0],"2":[0,0],"3":[0,0]},"_coverageSchema":"1a1c01bbd47fc00a2c39e90264f33305004495a9","hash":"ec1a16801f0731b7d187156c49b81781aefd9d88"}
,"D:\\Degree\\Final Project\\Application\\What-Car\\Routes\\HomeStack.js": {"path":"D:\\Degree\\Final Project\\Application\\What-Car\\Routes\\HomeStack.js","statementMap":{"0":{"start":{"line":6,"column":15},"end":{"line":6,"column":37}},"1":{"start":{"line":9,"column":4},"end":{"line":13,"column":5}}},"fnMap":{"0":{"name":"HomeStack","decl":{"start":{"line":8,"column":24},"end":{"line":8,"column":33}},"loc":{"start":{"line":8,"column":36},"end":{"line":14,"column":1}},"line":8}},"branchMap":{},"s":{"0":1,"1":2},"f":{"0":2},"b":{},"_coverageSchema":"1a1c01bbd47fc00a2c39e90264f33305004495a9","hash":"5a4ace2e10c33906a199e1a652706841691d332a"}
,"D:\\Degree\\Final Project\\Application\\What-Car\\Routes\\RootStack.js": {"path":"D:\\Degree\\Final Project\\Application\\What-Car\\Routes\\RootStack.js","statementMap":{"0":{"start":{"line":8,"column":14},"end":{"line":8,"column":36}},"1":{"start":{"line":12,"column":4},"end":{"line":31,"column":5}},"2":{"start":{"line":15,"column":16},"end":{"line":26,"column":39}}},"fnMap":{"0":{"name":"RootStack","decl":{"start":{"line":10,"column":24},"end":{"line":10,"column":33}},"loc":{"start":{"line":10,"column":35},"end":{"line":32,"column":1}},"line":10},"1":{"name":"(anonymous_1)","decl":{"start":{"line":14,"column":13},"end":{"line":14,"column":14}},"loc":{"start":{"line":15,"column":16},"end":{"line":26,"column":39}},"line":15}},"branchMap":{"0":{"loc":{"start":{"line":17,"column":21},"end":{"line":22,"column":27}},"type":"cond-expr","locations":[{"start":{"line":18,"column":26},"end":{"line":18,"column":111}},{"start":{"line":20,"column":24},"end":{"line":20,"column":109}}],"line":17}},"s":{"0":1,"1":3,"2":1},"f":{"0":3,"1":1},"b":{"0":[0,1]},"_coverageSchema":"1a1c01bbd47fc00a2c39e90264f33305004495a9","hash":"2ebcb6d09eb4e65248413f6d54794367d1af0b3b"}
,"D:\\Degree\\Final Project\\Application\\What-Car\\Screens\\Add_Post.js": {"path":"D:\\Degree\\Final Project\\Application\\What-Car\\Screens\\Add_Post.js","statementMap":{"0":{"start":{"line":7,"column":0},"end":{"line":7,"column":2}},"1":{"start":{"line":13,"column":52},"end":{"line":13,"column":82}},"2":{"start":{"line":14,"column":23},"end":{"line":14,"column":40}},"3":{"start":{"line":15,"column":21},"end":{"line":15,"column":62}},"4":{"start":{"line":17,"column":23},"end":{"line":28,"column":3}},"5":{"start":{"line":18,"column":17},"end":{"line":18,"column":31}},"6":{"start":{"line":21,"column":4},"end":{"line":26,"column":9}},"7":{"start":{"line":27,"column":4},"end":{"line":27,"column":16}},"8":{"start":{"line":31,"column":26},"end":{"line":31,"column":40}},"9":{"start":{"line":32,"column":34},"end":{"line":32,"column":49}},"10":{"start":{"line":34,"column":28},"end":{"line":34,"column":40}},"11":{"start":{"line":35,"column":30},"end":{"line":35,"column":42}},"12":{"start":{"line":36,"column":38},"end":{"line":36,"column":53}},"13":{"start":{"line":42,"column":32},"end":{"line":61,"column":7}},"14":{"start":{"line":43,"column":8},"end":{"line":57,"column":13}},"15":{"start":{"line":47,"column":30},"end":{"line":47,"column":45}},"16":{"start":{"line":49,"column":12},"end":{"line":49,"column":38}},"17":{"start":{"line":50,"column":12},"end":{"line":50,"column":34}},"18":{"start":{"line":51,"column":12},"end":{"line":51,"column":36}},"19":{"start":{"line":52,"column":12},"end":{"line":52,"column":29}},"20":{"start":{"line":56,"column":12},"end":{"line":56,"column":40}},"21":{"start":{"line":59,"column":10},"end":{"line":59,"column":26}},"22":{"start":{"line":65,"column":22},"end":{"line":85,"column":7}},"23":{"start":{"line":66,"column":8},"end":{"line":84,"column":9}},"24":{"start":{"line":68,"column":23},"end":{"line":73,"column":12}},"25":{"start":{"line":75,"column":10},"end":{"line":75,"column":30}},"26":{"start":{"line":76,"column":10},"end":{"line":76,"column":28}},"27":{"start":{"line":78,"column":10},"end":{"line":78,"column":35}},"28":{"start":{"line":83,"column":10},"end":{"line":83,"column":24}},"29":{"start":{"line":87,"column":22},"end":{"line":90,"column":7}},"30":{"start":{"line":88,"column":8},"end":{"line":88,"column":25}},"31":{"start":{"line":89,"column":8},"end":{"line":89,"column":26}},"32":{"start":{"line":94,"column":4},"end":{"line":131,"column":5}},"33":{"start":{"line":106,"column":42},"end":{"line":106,"column":56}},"34":{"start":{"line":109,"column":31},"end":{"line":109,"column":49}},"35":{"start":{"line":134,"column":15},"end":{"line":186,"column":2}}},"fnMap":{"0":{"name":"Add_Post","decl":{"start":{"line":11,"column":24},"end":{"line":11,"column":32}},"loc":{"start":{"line":11,"column":34},"end":{"line":132,"column":1}},"line":11},"1":{"name":"(anonymous_1)","decl":{"start":{"line":17,"column":23},"end":{"line":17,"column":24}},"loc":{"start":{"line":17,"column":34},"end":{"line":28,"column":3}},"line":17},"2":{"name":"(anonymous_2)","decl":{"start":{"line":42,"column":32},"end":{"line":42,"column":33}},"loc":{"start":{"line":42,"column":43},"end":{"line":61,"column":7}},"line":42},"3":{"name":"(anonymous_3)","decl":{"start":{"line":47,"column":16},"end":{"line":47,"column":17}},"loc":{"start":{"line":47,"column":30},"end":{"line":47,"column":45}},"line":47},"4":{"name":"(anonymous_4)","decl":{"start":{"line":48,"column":16},"end":{"line":48,"column":17}},"loc":{"start":{"line":48,"column":30},"end":{"line":53,"column":11}},"line":48},"5":{"name":"(anonymous_5)","decl":{"start":{"line":55,"column":17},"end":{"line":55,"column":18}},"loc":{"start":{"line":55,"column":28},"end":{"line":57,"column":11}},"line":55},"6":{"name":"(anonymous_6)","decl":{"start":{"line":65,"column":22},"end":{"line":65,"column":23}},"loc":{"start":{"line":65,"column":34},"end":{"line":85,"column":7}},"line":65},"7":{"name":"(anonymous_7)","decl":{"start":{"line":87,"column":22},"end":{"line":87,"column":23}},"loc":{"start":{"line":87,"column":28},"end":{"line":90,"column":7}},"line":87},"8":{"name":"(anonymous_8)","decl":{"start":{"line":106,"column":30},"end":{"line":106,"column":31}},"loc":{"start":{"line":106,"column":41},"end":{"line":106,"column":57}},"line":106},"9":{"name":"(anonymous_9)","decl":{"start":{"line":109,"column":25},"end":{"line":109,"column":26}},"loc":{"start":{"line":109,"column":31},"end":{"line":109,"column":49}},"line":109}},"branchMap":{"0":{"loc":{"start":{"line":24,"column":11},"end":{"line":24,"column":79}},"type":"cond-expr","locations":[{"start":{"line":24,"column":35},"end":{"line":24,"column":67}},{"start":{"line":24,"column":70},"end":{"line":24,"column":79}}],"line":24},"1":{"loc":{"start":{"line":128,"column":12},"end":{"line":128,"column":99}},"type":"cond-expr","locations":[{"start":{"line":128,"column":28},"end":{"line":128,"column":88}},{"start":{"line":128,"column":93},"end":{"line":128,"column":98}}],"line":128}},"s":{"0":1,"1":2,"2":0,"3":0,"4":0,"5":0,"6":0,"7":0,"8":0,"9":0,"10":0,"11":0,"12":0,"13":0,"14":0,"15":0,"16":0,"17":0,"18":0,"19":0,"20":0,"21":0,"22":0,"23":0,"24":0,"25":0,"26":0,"27":0,"28":0,"29":0,"30":0,"31":0,"32":0,"33":0,"34":0,"35":1},"f":{"0":2,"1":0,"2":0,"3":0,"4":0,"5":0,"6":0,"7":0,"8":0,"9":0},"b":{"0":[0,0],"1":[0,0]},"_coverageSchema":"1a1c01bbd47fc00a2c39e90264f33305004495a9","hash":"e81908ba9c9ce51f063529e3d81ebcbaab9f3adf"}
,"D:\\Degree\\Final Project\\Application\\What-Car\\Screens\\Home.js": {"path":"D:\\Degree\\Final Project\\Application\\What-Car\\Screens\\Home.js","statementMap":{"0":{"start":{"line":10,"column":4},"end":{"line":10,"column":48}},"1":{"start":{"line":12,"column":54},"end":{"line":12,"column":84}},"2":{"start":{"line":13,"column":25},"end":{"line":13,"column":42}},"3":{"start":{"line":17,"column":4},"end":{"line":24,"column":5}}},"fnMap":{"0":{"name":"Home","decl":{"start":{"line":8,"column":24},"end":{"line":8,"column":28}},"loc":{"start":{"line":8,"column":49},"end":{"line":25,"column":1}},"line":8}},"branchMap":{},"s":{"0":1,"1":1,"2":0,"3":0},"f":{"0":1},"b":{},"_coverageSchema":"1a1c01bbd47fc00a2c39e90264f33305004495a9","hash":"ffe1b59b48c353dcf888aac5dfa7219cb547135a"}
,"D:\\Degree\\Final Project\\Application\\What-Car\\Screens\\Login.js": {"path":"D:\\Degree\\Final Project\\Application\\What-Car\\Screens\\Login.js","statementMap":{"0":{"start":{"line":11,"column":53},"end":{"line":11,"column":83}},"1":{"start":{"line":13,"column":25},"end":{"line":25,"column":5}},"2":{"start":{"line":14,"column":8},"end":{"line":23,"column":9}},"3":{"start":{"line":15,"column":30},"end":{"line":15,"column":57}},"4":{"start":{"line":16,"column":13},"end":{"line":16,"column":63}},"5":{"start":{"line":17,"column":12},"end":{"line":17,"column":45}},"6":{"start":{"line":22,"column":12},"end":{"line":22,"column":26}},"7":{"start":{"line":27,"column":4},"end":{"line":95,"column":5}},"8":{"start":{"line":38,"column":20},"end":{"line":64,"column":22}},"9":{"start":{"line":49,"column":40},"end":{"line":49,"column":55}},"10":{"start":{"line":51,"column":24},"end":{"line":55,"column":25}},"11":{"start":{"line":52,"column":28},"end":{"line":52,"column":50}},"12":{"start":{"line":53,"column":64},"end":{"line":53,"column":73}},"13":{"start":{"line":54,"column":28},"end":{"line":54,"column":51}},"14":{"start":{"line":56,"column":24},"end":{"line":58,"column":25}},"15":{"start":{"line":57,"column":28},"end":{"line":57,"column":52}},"16":{"start":{"line":63,"column":24},"end":{"line":63,"column":42}},"17":{"start":{"line":71,"column":20},"end":{"line":90,"column":27}},"18":{"start":{"line":88,"column":46},"end":{"line":88,"column":71}},"19":{"start":{"line":98,"column":15},"end":{"line":126,"column":2}}},"fnMap":{"0":{"name":"Login","decl":{"start":{"line":9,"column":24},"end":{"line":9,"column":29}},"loc":{"start":{"line":10,"column":0},"end":{"line":96,"column":1}},"line":10},"1":{"name":"(anonymous_1)","decl":{"start":{"line":13,"column":25},"end":{"line":13,"column":26}},"loc":{"start":{"line":13,"column":47},"end":{"line":25,"column":5}},"line":13},"2":{"name":"(anonymous_2)","decl":{"start":{"line":36,"column":26},"end":{"line":36,"column":27}},"loc":{"start":{"line":36,"column":38},"end":{"line":68,"column":17}},"line":36},"3":{"name":"(anonymous_3)","decl":{"start":{"line":49,"column":26},"end":{"line":49,"column":27}},"loc":{"start":{"line":49,"column":40},"end":{"line":49,"column":55}},"line":49},"4":{"name":"(anonymous_4)","decl":{"start":{"line":50,"column":26},"end":{"line":50,"column":27}},"loc":{"start":{"line":50,"column":36},"end":{"line":61,"column":21}},"line":50},"5":{"name":"(anonymous_5)","decl":{"start":{"line":62,"column":27},"end":{"line":62,"column":28}},"loc":{"start":{"line":62,"column":38},"end":{"line":64,"column":21}},"line":62},"6":{"name":"(anonymous_6)","decl":{"start":{"line":70,"column":17},"end":{"line":70,"column":18}},"loc":{"start":{"line":71,"column":20},"end":{"line":90,"column":27}},"line":71},"7":{"name":"(anonymous_7)","decl":{"start":{"line":88,"column":39},"end":{"line":88,"column":40}},"loc":{"start":{"line":88,"column":45},"end":{"line":88,"column":72}},"line":88}},"branchMap":{"0":{"loc":{"start":{"line":30,"column":18},"end":{"line":30,"column":62}},"type":"cond-expr","locations":[{"start":{"line":30,"column":42},"end":{"line":30,"column":51}},{"start":{"line":30,"column":54},"end":{"line":30,"column":62}}],"line":30},"1":{"loc":{"start":{"line":51,"column":24},"end":{"line":55,"column":25}},"type":"if","locations":[{"start":{"line":51,"column":24},"end":{"line":55,"column":25}},{"start":{"line":51,"column":24},"end":{"line":55,"column":25}}],"line":51},"2":{"loc":{"start":{"line":56,"column":24},"end":{"line":58,"column":25}},"type":"if","locations":[{"start":{"line":56,"column":24},"end":{"line":58,"column":25}},{"start":{"line":56,"column":24},"end":{"line":58,"column":25}}],"line":56}},"s":{"0":2,"1":1,"2":0,"3":0,"4":0,"5":0,"6":0,"7":1,"8":0,"9":0,"10":0,"11":0,"12":0,"13":0,"14":0,"15":0,"16":0,"17":1,"18":0,"19":1},"f":{"0":2,"1":0,"2":0,"3":0,"4":0,"5":0,"6":1,"7":0},"b":{"0":[1,0],"1":[0,0],"2":[0,0]},"_coverageSchema":"1a1c01bbd47fc00a2c39e90264f33305004495a9","hash":"44b587e836141d16f9e171a4fc06cee08c047674"}
,"D:\\Degree\\Final Project\\Application\\What-Car\\Screens\\Profile.js": {"path":"D:\\Degree\\Final Project\\Application\\What-Car\\Screens\\Profile.js","statementMap":{"0":{"start":{"line":10,"column":4},"end":{"line":10,"column":48}},"1":{"start":{"line":12,"column":54},"end":{"line":12,"column":84}},"2":{"start":{"line":13,"column":25},"end":{"line":13,"column":42}},"3":{"start":{"line":15,"column":19},"end":{"line":24,"column":5}},"4":{"start":{"line":16,"column":8},"end":{"line":23,"column":9}},"5":{"start":{"line":17,"column":12},"end":{"line":17,"column":54}},"6":{"start":{"line":18,"column":12},"end":{"line":18,"column":36}},"7":{"start":{"line":27,"column":4},"end":{"line":34,"column":5}}},"fnMap":{"0":{"name":"Profile","decl":{"start":{"line":8,"column":24},"end":{"line":8,"column":31}},"loc":{"start":{"line":8,"column":52},"end":{"line":35,"column":1}},"line":8},"1":{"name":"(anonymous_1)","decl":{"start":{"line":15,"column":19},"end":{"line":15,"column":20}},"loc":{"start":{"line":15,"column":30},"end":{"line":24,"column":5}},"line":15}},"branchMap":{},"s":{"0":1,"1":1,"2":0,"3":0,"4":0,"5":0,"6":0,"7":0},"f":{"0":1,"1":0},"b":{},"_coverageSchema":"1a1c01bbd47fc00a2c39e90264f33305004495a9","hash":"130148936c4c2ffb39661953974dc5cd2c1b97c2"}
,"D:\\Degree\\Final Project\\Application\\What-Car\\Screens\\Search.js": {"path":"D:\\Degree\\Final Project\\Application\\What-Car\\Screens\\Search.js","statementMap":{"0":{"start":{"line":6,"column":4},"end":{"line":8,"column":5}}},"fnMap":{"0":{"name":"Search","decl":{"start":{"line":4,"column":24},"end":{"line":4,"column":30}},"loc":{"start":{"line":4,"column":32},"end":{"line":9,"column":1}},"line":4}},"branchMap":{},"s":{"0":1},"f":{"0":1},"b":{},"_coverageSchema":"1a1c01bbd47fc00a2c39e90264f33305004495a9","hash":"9b44436aecd94d0f423470b4c312083f4e54e309"}
,"D:\\Degree\\Final Project\\Application\\What-Car\\Screens\\SignUp.js": {"path":"D:\\Degree\\Final Project\\Application\\What-Car\\Screens\\SignUp.js","statementMap":{"0":{"start":{"line":10,"column":50},"end":{"line":10,"column":62}},"1":{"start":{"line":11,"column":43},"end":{"line":11,"column":55}},"2":{"start":{"line":12,"column":48},"end":{"line":12,"column":60}},"3":{"start":{"line":13,"column":49},"end":{"line":13,"column":61}},"4":{"start":{"line":16,"column":53},"end":{"line":16,"column":83}},"5":{"start":{"line":18,"column":25},"end":{"line":30,"column":5}},"6":{"start":{"line":19,"column":8},"end":{"line":28,"column":9}},"7":{"start":{"line":20,"column":30},"end":{"line":20,"column":57}},"8":{"start":{"line":21,"column":13},"end":{"line":21,"column":63}},"9":{"start":{"line":22,"column":12},"end":{"line":22,"column":45}},"10":{"start":{"line":27,"column":12},"end":{"line":27,"column":26}},"11":{"start":{"line":33,"column":4},"end":{"line":114,"column":5}},"12":{"start":{"line":46,"column":22},"end":{"line":72,"column":24}},"13":{"start":{"line":59,"column":42},"end":{"line":59,"column":57}},"14":{"start":{"line":61,"column":24},"end":{"line":64,"column":25}},"15":{"start":{"line":62,"column":28},"end":{"line":62,"column":54}},"16":{"start":{"line":63,"column":28},"end":{"line":63,"column":55}},"17":{"start":{"line":65,"column":24},"end":{"line":71,"column":25}},"18":{"start":{"line":67,"column":27},"end":{"line":69,"column":28}},"19":{"start":{"line":68,"column":31},"end":{"line":68,"column":77}},"20":{"start":{"line":78,"column":20},"end":{"line":109,"column":27}},"21":{"start":{"line":117,"column":15},"end":{"line":149,"column":2}}},"fnMap":{"0":{"name":"SignUp","decl":{"start":{"line":9,"column":24},"end":{"line":9,"column":30}},"loc":{"start":{"line":9,"column":44},"end":{"line":115,"column":1}},"line":9},"1":{"name":"(anonymous_1)","decl":{"start":{"line":18,"column":25},"end":{"line":18,"column":26}},"loc":{"start":{"line":18,"column":47},"end":{"line":30,"column":5}},"line":18},"2":{"name":"(anonymous_2)","decl":{"start":{"line":44,"column":26},"end":{"line":44,"column":27}},"loc":{"start":{"line":44,"column":38},"end":{"line":75,"column":17}},"line":44},"3":{"name":"(anonymous_3)","decl":{"start":{"line":59,"column":28},"end":{"line":59,"column":29}},"loc":{"start":{"line":59,"column":42},"end":{"line":59,"column":57}},"line":59},"4":{"name":"(anonymous_4)","decl":{"start":{"line":60,"column":28},"end":{"line":60,"column":29}},"loc":{"start":{"line":60,"column":38},"end":{"line":72,"column":23}},"line":60},"5":{"name":"(anonymous_5)","decl":{"start":{"line":77,"column":17},"end":{"line":77,"column":18}},"loc":{"start":{"line":78,"column":20},"end":{"line":109,"column":27}},"line":78}},"branchMap":{"0":{"loc":{"start":{"line":36,"column":18},"end":{"line":36,"column":63}},"type":"cond-expr","locations":[{"start":{"line":36,"column":42},"end":{"line":36,"column":51}},{"start":{"line":36,"column":55},"end":{"line":36,"column":63}}],"line":36},"1":{"loc":{"start":{"line":37,"column":32},"end":{"line":37,"column":63}},"type":"cond-expr","locations":[{"start":{"line":37,"column":56},"end":{"line":37,"column":59}},{"start":{"line":37,"column":62},"end":{"line":37,"column":63}}],"line":37},"2":{"loc":{"start":{"line":61,"column":24},"end":{"line":64,"column":25}},"type":"if","locations":[{"start":{"line":61,"column":24},"end":{"line":64,"column":25}},{"start":{"line":61,"column":24},"end":{"line":64,"column":25}}],"line":61},"3":{"loc":{"start":{"line":65,"column":24},"end":{"line":71,"column":25}},"type":"if","locations":[{"start":{"line":65,"column":24},"end":{"line":71,"column":25}},{"start":{"line":65,"column":24},"end":{"line":71,"column":25}}],"line":65},"4":{"loc":{"start":{"line":67,"column":27},"end":{"line":69,"column":28}},"type":"if","locations":[{"start":{"line":67,"column":27},"end":{"line":69,"column":28}},{"start":{"line":67,"column":27},"end":{"line":69,"column":28}}],"line":67}},"s":{"0":1,"1":1,"2":1,"3":1,"4":1,"5":0,"6":0,"7":0,"8":0,"9":0,"10":0,"11":0,"12":0,"13":0,"14":0,"15":0,"16":0,"17":0,"18":0,"19":0,"20":0,"21":1},"f":{"0":1,"1":0,"2":0,"3":0,"4":0,"5":0},"b":{"0":[0,0],"1":[0,0],"2":[0,0],"3":[0,0],"4":[0,0]},"_coverageSchema":"1a1c01bbd47fc00a2c39e90264f33305004495a9","hash":"6f6365db9502d3c6cd9bfcbdbe9264ed82ffecf7"}
}
