TN:
SF:App.js
FN:13,App
FN:17,(anonymous_1)
FN:36,(anonymous_2)
FNF:3
FNH:3
FNDA:4,App
FNDA:1,(anonymous_1)
FNDA:1,(anonymous_2)
DA:14,4
DA:15,3
DA:17,3
DA:18,1
DA:19,1
DA:20,1
DA:21,0
DA:24,1
DA:28,0
DA:32,3
DA:33,2
DA:36,1
DA:42,1
DA:51,1
LF:14
LH:12
BRDA:20,0,0,0
BRDA:20,0,1,1
BRDA:32,1,0,2
BRDA:32,1,1,1
BRF:4
BRH:3
end_of_record
TN:
SF:Components\CredintialContext.js
FNF:0
FNH:0
DA:3,1
LF:1
LH:1
BRF:0
BRH:0
end_of_record
TN:
SF:Components\KeyboardViewWrapper.js
FN:5,(anonymous_0)
FNF:1
FNH:0
FNDA:0,(anonymous_0)
DA:5,0
DA:7,0
LF:2
LH:0
BRF:0
BRH:0
end_of_record
TN:
SF:Routes\AuthStack.js
FN:8,AuthStack
FNF:1
FNH:1
FNDA:3,AuthStack
DA:6,1
DA:10,3
LF:2
LH:2
BRF:0
BRH:0
end_of_record
TN:
SF:Routes\BottomTab.js
FN:17,BottomTab
FN:27,(anonymous_1)
FN:39,(anonymous_2)
FN:51,(anonymous_3)
FN:64,(anonymous_4)
FNF:5
FNH:1
FNDA:2,BottomTab
FNDA:0,(anonymous_1)
FNDA:0,(anonymous_2)
FNDA:0,(anonymous_3)
FNDA:0,(anonymous_4)
DA:15,1
DA:19,2
DA:28,0
DA:40,0
DA:52,0
DA:65,0
LF:6
LH:2
BRDA:28,0,0,0
BRDA:28,0,1,0
BRDA:40,1,0,0
BRDA:40,1,1,0
BRDA:52,2,0,0
BRDA:52,2,1,0
BRDA:65,3,0,0
BRDA:65,3,1,0
BRF:8
BRH:0
end_of_record
TN:
SF:Routes\HomeStack.js
FN:8,HomeStack
FNF:1
FNH:1
FNDA:2,HomeStack
DA:6,1
DA:9,2
LF:2
LH:2
BRF:0
BRH:0
end_of_record
TN:
SF:Routes\RootStack.js
FN:10,RootStack
FN:14,(anonymous_1)
FNF:2
FNH:2
FNDA:3,RootStack
FNDA:1,(anonymous_1)
DA:8,1
DA:12,3
DA:15,1
LF:3
LH:3
BRDA:17,0,0,0
BRDA:17,0,1,1
BRF:2
BRH:1
end_of_record
TN:
SF:Screens\Add_Post.js
FN:11,Add_Post
FN:17,(anonymous_1)
FN:42,(anonymous_2)
FN:47,(anonymous_3)
FN:48,(anonymous_4)
FN:55,(anonymous_5)
FN:65,(anonymous_6)
FN:87,(anonymous_7)
FN:106,(anonymous_8)
FN:109,(anonymous_9)
FNF:10
FNH:1
FNDA:2,Add_Post
FNDA:0,(anonymous_1)
FNDA:0,(anonymous_2)
FNDA:0,(anonymous_3)
FNDA:0,(anonymous_4)
FNDA:0,(anonymous_5)
FNDA:0,(anonymous_6)
FNDA:0,(anonymous_7)
FNDA:0,(anonymous_8)
FNDA:0,(anonymous_9)
DA:7,1
DA:13,2
DA:14,0
DA:15,0
DA:17,0
DA:18,0
DA:21,0
DA:27,0
DA:31,0
DA:32,0
DA:34,0
DA:35,0
DA:36,0
DA:42,0
DA:43,0
DA:47,0
DA:49,0
DA:50,0
DA:51,0
DA:52,0
DA:56,0
DA:59,0
DA:65,0
DA:66,0
DA:68,0
DA:75,0
DA:76,0
DA:78,0
DA:83,0
DA:87,0
DA:88,0
DA:89,0
DA:94,0
DA:106,0
DA:109,0
DA:134,1
LF:36
LH:3
BRDA:24,0,0,0
BRDA:24,0,1,0
BRDA:128,1,0,0
BRDA:128,1,1,0
BRF:4
BRH:0
end_of_record
TN:
SF:Screens\Home.js
FN:8,Home
FNF:1
FNH:1
FNDA:1,Home
DA:10,1
DA:12,1
DA:13,0
DA:17,0
LF:4
LH:2
BRF:0
BRH:0
end_of_record
TN:
SF:Screens\Login.js
FN:9,Login
FN:13,(anonymous_1)
FN:36,(anonymous_2)
FN:49,(anonymous_3)
FN:50,(anonymous_4)
FN:62,(anonymous_5)
FN:70,(anonymous_6)
FN:88,(anonymous_7)
FNF:8
FNH:2
FNDA:2,Login
FNDA:0,(anonymous_1)
FNDA:0,(anonymous_2)
FNDA:0,(anonymous_3)
FNDA:0,(anonymous_4)
FNDA:0,(anonymous_5)
FNDA:1,(anonymous_6)
FNDA:0,(anonymous_7)
DA:11,2
DA:13,1
DA:14,0
DA:15,0
DA:16,0
DA:17,0
DA:22,0
DA:27,1
DA:38,0
DA:49,0
DA:51,0
DA:52,0
DA:53,0
DA:54,0
DA:56,0
DA:57,0
DA:63,0
DA:71,1
DA:88,0
DA:98,1
LF:20
LH:5
BRDA:30,0,0,1
BRDA:30,0,1,0
BRDA:51,1,0,0
BRDA:51,1,1,0
BRDA:56,2,0,0
BRDA:56,2,1,0
BRF:6
BRH:1
end_of_record
TN:
SF:Screens\Profile.js
FN:8,Profile
FN:15,(anonymous_1)
FNF:2
FNH:1
FNDA:1,Profile
FNDA:0,(anonymous_1)
DA:10,1
DA:12,1
DA:13,0
DA:15,0
DA:16,0
DA:17,0
DA:18,0
DA:27,0
LF:8
LH:2
BRF:0
BRH:0
end_of_record
TN:
SF:Screens\Search.js
FN:4,Search
FNF:1
FNH:1
FNDA:1,Search
DA:6,1
LF:1
LH:1
BRF:0
BRH:0
end_of_record
TN:
SF:Screens\SignUp.js
FN:9,SignUp
FN:18,(anonymous_1)
FN:44,(anonymous_2)
FN:59,(anonymous_3)
FN:60,(anonymous_4)
FN:77,(anonymous_5)
FNF:6
FNH:1
FNDA:1,SignUp
FNDA:0,(anonymous_1)
FNDA:0,(anonymous_2)
FNDA:0,(anonymous_3)
FNDA:0,(anonymous_4)
FNDA:0,(anonymous_5)
DA:10,1
DA:11,1
DA:12,1
DA:13,1
DA:16,1
DA:18,0
DA:19,0
DA:20,0
DA:21,0
DA:22,0
DA:27,0
DA:33,0
DA:46,0
DA:59,0
DA:61,0
DA:62,0
DA:63,0
DA:65,0
DA:67,0
DA:68,0
DA:78,0
DA:117,1
LF:22
LH:6
BRDA:36,0,0,0
BRDA:36,0,1,0
BRDA:37,1,0,0
BRDA:37,1,1,0
BRDA:61,2,0,0
BRDA:61,2,1,0
BRDA:65,3,0,0
BRDA:65,3,1,0
BRDA:67,4,0,0
BRDA:67,4,1,0
BRF:10
BRH:0
end_of_record
